<?xml version="1.0" encoding="UTF-8"?>
<coverage generated="1688672778046" clover="3.2.0">
  <project timestamp="1688672778046" name="All files">
    <metrics statements="23" coveredstatements="22" conditionals="3" coveredconditionals="2" methods="5" coveredmethods="5" elements="31" coveredelements="29" complexity="0" loc="23" ncloc="23" packages="1" files="1" classes="1"/>
    <file name="tree.ts" path="G:\project\OTUS\Jest\src\tree.ts">
      <metrics statements="23" coveredstatements="22" conditionals="3" coveredconditionals="2" methods="5" coveredmethods="5"/>
      <line num="2" count="1" type="stmt"/>
      <line num="3" count="1" type="stmt"/>
      <line num="8" count="1" type="stmt"/>
      <line num="9" count="6" type="stmt"/>
      <line num="10" count="6" type="stmt"/>
      <line num="11" count="6" type="cond" truecount="2" falsecount="0"/>
      <line num="12" count="4" type="stmt"/>
      <line num="14" count="2" type="stmt"/>
      <line num="18" count="1" type="stmt"/>
      <line num="20" count="1" type="stmt"/>
      <line num="21" count="1" type="stmt"/>
      <line num="22" count="1" type="stmt"/>
      <line num="23" count="1" type="stmt"/>
      <line num="24" count="3" type="stmt"/>
      <line num="25" count="3" type="cond" truecount="0" falsecount="1"/>
      <line num="26" count="0" type="stmt"/>
      <line num="31" count="1" type="stmt"/>
      <line num="33" count="1" type="stmt"/>
      <line num="36" count="1" type="stmt"/>
      <line num="37" count="1" type="stmt"/>
      <line num="38" count="1" type="stmt"/>
      <line num="39" count="3" type="stmt"/>
      <line num="41" count="1" type="stmt"/>
    </file>
  </project>
</coverage>
