{"G:\\project\\OTUS\\Jest\\src\\tree.ts": {"path":"G:\\project\\OTUS\\Jest\\src\\tree.ts","statementMap":{"0":{"start":{"line":2,"column":0},"end":{"line":2,"column":35}},"1":{"start":{"line":3,"column":0},"end":{"line":3,"column":24}},"2":{"start":{"line":8,"column":24},"end":{"line":16,"column":1}},"3":{"start":{"line":9,"column":20},"end":{"line":9,"column":35}},"4":{"start":{"line":10,"column":18},"end":{"line":10,"column":42}},"5":{"start":{"line":11,"column":4},"end":{"line":15,"column":null}},"6":{"start":{"line":12,"column":8},"end":{"line":12,"column":97}},"7":{"start":{"line":14,"column":8},"end":{"line":14,"column":26}},"8":{"start":{"line":8,"column":13},"end":{"line":8,"column":24}},"9":{"start":{"line":18,"column":25},"end":{"line":34,"column":1}},"10":{"start":{"line":20,"column":29},"end":{"line":20,"column":31}},"11":{"start":{"line":21,"column":20},"end":{"line":29,"column":5}},"12":{"start":{"line":22,"column":30},"end":{"line":22,"column":116}},"13":{"start":{"line":23,"column":8},"end":{"line":28,"column":null}},"14":{"start":{"line":24,"column":12},"end":{"line":24,"column":null}},"15":{"start":{"line":25,"column":12},"end":{"line":27,"column":null}},"16":{"start":{"line":26,"column":16},"end":{"line":26,"column":null}},"17":{"start":{"line":31,"column":4},"end":{"line":31,"column":null}},"18":{"start":{"line":33,"column":4},"end":{"line":33,"column":18}},"19":{"start":{"line":18,"column":13},"end":{"line":18,"column":25}},"20":{"start":{"line":36,"column":20},"end":{"line":43,"column":1}},"21":{"start":{"line":37,"column":14},"end":{"line":37,"column":16}},"22":{"start":{"line":38,"column":4},"end":{"line":40,"column":7}},"23":{"start":{"line":39,"column":8},"end":{"line":39,"column":25}},"24":{"start":{"line":41,"column":4},"end":{"line":41,"column":15}},"25":{"start":{"line":36,"column":13},"end":{"line":36,"column":20}}},"fnMap":{"0":{"name":"(anonymous_1)","decl":{"start":{"line":8,"column":24},"end":{"line":8,"column":25}},"loc":{"start":{"line":8,"column":40},"end":{"line":16,"column":1}}},"1":{"name":"(anonymous_2)","decl":{"start":{"line":18,"column":25},"end":{"line":18,"column":30}},"loc":{"start":{"line":18,"column":67},"end":{"line":34,"column":1}}},"2":{"name":"(anonymous_3)","decl":{"start":{"line":21,"column":20},"end":{"line":21,"column":25}},"loc":{"start":{"line":21,"column":50},"end":{"line":29,"column":5}}},"3":{"name":"(anonymous_4)","decl":{"start":{"line":36,"column":20},"end":{"line":36,"column":21}},"loc":{"start":{"line":36,"column":46},"end":{"line":43,"column":1}}},"4":{"name":"(anonymous_5)","decl":{"start":{"line":38,"column":16},"end":{"line":38,"column":17}},"loc":{"start":{"line":38,"column":23},"end":{"line":40,"column":5}}}},"branchMap":{"0":{"loc":{"start":{"line":11,"column":4},"end":{"line":15,"column":null}},"type":"if","locations":[{"start":{"line":11,"column":4},"end":{"line":15,"column":null}},{"start":{"line":13,"column":11},"end":{"line":15,"column":null}}]},"1":{"loc":{"start":{"line":25,"column":12},"end":{"line":27,"column":null}},"type":"if","locations":[{"start":{"line":25,"column":12},"end":{"line":27,"column":null}}]}},"s":{"0":1,"1":1,"2":1,"3":6,"4":6,"5":6,"6":4,"7":2,"8":1,"9":1,"10":1,"11":1,"12":1,"13":1,"14":3,"15":3,"16":0,"17":1,"18":1,"19":1,"20":1,"21":1,"22":1,"23":3,"24":1,"25":1},"f":{"0":6,"1":1,"2":1,"3":1,"4":3},"b":{"0":[4,2],"1":[0]}}
}
